<?xml version="1.0" encoding="UTF-8" ?>
<testsuite errors="0" failures="1" hostname="PC-P-E203-SATA" name="org.shareabledata.test.evaluation.SListTest" skipped="0" tests="5" time="0.286" timestamp="2018-12-04T15:32:47">
  <properties>
[...]
</properties>
  <testcase classname="org.shareabledata.test.evaluation.SListTest" name="testInsert10000Slist" time="0.044" />
  <testcase classname="org.shareabledata.test.evaluation.SListTest" name="RemoveElementIn100" time="0.014">
    <failure message="expected:&lt;100&gt; but was:&lt;1&gt;" type="junit.framework.AssertionFailedError">junit.framework.AssertionFailedError: expected:&lt;100&gt; but was:&lt;1&gt;
	at org.shareabledata.test.evaluation.SListTest.RemoveElementIn100(SListTest.java:111)
	at java.base/jdk.internal.reflect.NativeMethodAccessorImpl.invoke0(Native Method)
	at java.base/jdk.internal.reflect.NativeMethodAccessorImpl.invoke(NativeMethodAccessorImpl.java:62)
	at java.base/jdk.internal.reflect.DelegatingMethodAccessorImpl.invoke(DelegatingMethodAccessorImpl.java:43)
</failure>
  </testcase>
  <testcase classname="org.shareabledata.test.evaluation.SListTest" name="testInsert100Slist" time="0.009" />
  <testcase classname="org.shareabledata.test.evaluation.SListTest" name="testInsert1000Slist" time="0.009" />
  <testcase classname="org.shareabledata.test.evaluation.SListTest" name="find25thElementIn100" time="0.009" />
  <system-out><![CDATA[C:\Users\77800577\Documents\GitHub\ShareableDataStructures\ShareableJ\execution\
]]></system-out>
  <system-err><![CDATA[]]></system-err>
</testsuite>
